<?xml version="1.0" encoding="UTF-8"?>
<testng-results ignored="0" total="1" passed="1" failed="0" skipped="0">
  <reporter-output>
  </reporter-output>
  <suite started-at="2024-02-28T20:38:33 IST" name="Default suite" finished-at="2024-02-28T20:38:49 IST" duration-ms="16146">
    <groups>
    </groups>
    <test started-at="2024-02-28T20:38:33 IST" name="Default test" finished-at="2024-02-28T20:38:49 IST" duration-ms="16146">
      <class name="myWordpress.testScripts.TC_NewClass1">
        <test-method is-config="true" signature="setup()[pri:0, instance:myWordpress.testScripts.TC_NewClass1@3c41ed1d]" started-at="2024-02-28T20:38:33 IST" name="setup" finished-at="2024-02-28T20:38:40 IST" duration-ms="7538" status="PASS">
          <reporter-output>
          </reporter-output>
        </test-method> <!-- setup -->
        <test-method signature="runThePom()[pri:0, instance:myWordpress.testScripts.TC_NewClass1@3c41ed1d]" started-at="2024-02-28T20:38:40 IST" name="runThePom" finished-at="2024-02-28T20:38:47 IST" duration-ms="6875" status="PASS">
          <reporter-output>
          </reporter-output>
        </test-method> <!-- runThePom -->
        <test-method is-config="true" signature="Teardown()[pri:0, instance:myWordpress.testScripts.TC_NewClass1@3c41ed1d]" started-at="2024-02-28T20:38:47 IST" name="Teardown" finished-at="2024-02-28T20:38:49 IST" duration-ms="1666" status="PASS">
          <reporter-output>
          </reporter-output>
        </test-method> <!-- Teardown -->
      </class> <!-- myWordpress.testScripts.TC_NewClass1 -->
    </test> <!-- Default test -->
  </suite> <!-- Default suite -->
</testng-results>
